*** seeIntegerParam(0,29,1)
*** seeStringParam(0,58,MyENC)
*** seeStringParam(0,57,1234)
*** seeSmtpConnect
<200:1924146281>
 VS Win32 Version 1.1.3 Build 1
SEE Win32 Version 3.7.0 Build 37
ARKSOFT                                           
CID=8318
<101:1924146281>
vSocket: 0 created
<102:1924146281>
LocalHost = 'vmwa2'
<104:1924146281>
Server = 'smtp.enc.edu'
ServerIP = 10.100.0.201
<105:1924146296>
Socket=4556, RemoteIP=a6400c9, RemotePort=25
<106:1924146328>
<201:1924146359>
R: 220 new-av.r.its.enc.edu ESMTP Postfix
<202:1924146390>
S: EHLO enc.edu
<203:1924146640>
R: 250-new-av.r.its.enc.edu
R: 250-PIPELINING
R: 250-SIZE 10240000
R: 250-VRFY
R: 250-ETRN
R: 250 8BITMIME
*** seeSendEmail
*** Sending...
<204:1924146640>
S: MAIL FROM:<myenc@enc.edu>
<205:1924146671>
R: 250 Ok
<206:1924146671>
<207:1924146671>
S: RCPT TO:<myenchelp@enc.edu>
<208:1924146671>
R: 250 Ok
<209:1924146765>
S: DATA
<210:1924146796>
R: 354 End data with <CR><LF>.<CR><LF>
<221:1924146859>
<222:1924146859>
S: X-OEM: ARKSOFT                                           
<223:1924146859>
S: Date: Thu, 16 Apr 2009 16:54:43 -0400
<224:1924146859>
S: To: <myenchelp@enc.edu>
<225:1924146890>
S: From: <myenc@enc.edu>
<226:1924146890>
S: Reply-To: <myenc@enc.edu>
<227:1924146890>
S: Subject: Proposed Schedule Submitted by Massey
<228:1924146890>
<229:1924146890>
<233:1924146890>
S: 
<238:1924146890>
<240:1924146890>
<241:1924146890>
S: Your proposed schedule has been submitted to the Registrar's Office by Massey.
<251:1924146890>
S: 
.
<252:1924146921>
R: 250 Ok: queued as DCADC4DBF9
*** seeClose
<258:1924147031>
S: QUIT
vSocket: 0 closed
*** Releasing channel 0 ***
